0 info it worked if it ends with ok
1 verbose cli [ 'C:\\Program Files\\nodejs\\node.exe',
1 verbose cli   'C:\\Program Files\\nodejs\\node_modules\\npm\\bin\\npm-cli.js',
1 verbose cli   'run',
1 verbose cli   'serve' ]
2 info using npm@3.10.9
3 info using node@v7.2.0
4 verbose run-script [ 'preserve', 'serve', 'postserve' ]
5 info lifecycle @~preserve: @
6 silly lifecycle @~preserve: no script for preserve, continuing
7 info lifecycle @~serve: @
8 verbose lifecycle @~serve: unsafe-perm in lifecycle true
9 verbose lifecycle @~serve: PATH: C:\Program Files\nodejs\node_modules\npm\bin\node-gyp-bin;C:\github\projeto\angularjs\node_modules\.bin;C:\Users\carlos.silva\AppData\Roaming\npm;C:\Program Files\nodejs\;C:\Program Files (x86)\GNU\SSH;C:\ProgramData\Oracle\Java\javapath;C:\oracle\product\10.2.0\client_1\bin;C:\Orant\bin;C:\Program Files (x86)\GNU\SSH;C:\Program Files\Common Files\Microsoft Shared\Windows Live;C:\Program Files (x86)\Common Files\Microsoft Shared\Windows Live;C:\Program Files (x86)\Intel\iCLS Client\;C:\Program Files\Intel\iCLS Client\;C:\Windows\system32;C:\Windows;C:\Windows\System32\Wbem;C:\Windows\System32\WindowsPowerShell\v1.0\;C:\Program Files (x86)\Intel\Intel(R) Management Engine Components\DAL;C:\Program Files\Intel\Intel(R) Management Engine Components\DAL;C:\Program Files (x86)\Intel\Intel(R) Management Engine Components\IPT;C:\Program Files\Intel\Intel(R) Management Engine Components\IPT;C:\Program Files (x86)\Windows Live\Shared;C:\Program Files\OpenVPN\bin;C:\Program Files (x86)\Skype\Phone\;C:\Program Files\Tcl\bin;C:\Program Files (x86)\Java\jdk1.7.0_67\bin;C:\Program Files\Git\cmd;C:\Program Files (x86)\cvsnt;C:\Program Files\Tcl\bin;C:\Program Files\nodejs\;C:\Users\carlos.silva\AppData\Roaming\npm
10 verbose lifecycle @~serve: CWD: C:\github\projeto\angularjs
11 silly lifecycle @~serve: Args: [ '/d /s /c', 'gulp serve' ]
12 silly lifecycle @~serve: Returned: code: 3221225786  signal: null
13 info lifecycle @~serve: Failed to exec serve script
14 verbose stack Error: @ serve: `gulp serve`
14 verbose stack Exit status 3221225786
14 verbose stack     at EventEmitter.<anonymous> (C:\Program Files\nodejs\node_modules\npm\lib\utils\lifecycle.js:255:16)
14 verbose stack     at emitTwo (events.js:106:13)
14 verbose stack     at EventEmitter.emit (events.js:191:7)
14 verbose stack     at ChildProcess.<anonymous> (C:\Program Files\nodejs\node_modules\npm\lib\utils\spawn.js:40:14)
14 verbose stack     at emitTwo (events.js:106:13)
14 verbose stack     at ChildProcess.emit (events.js:191:7)
14 verbose stack     at maybeClose (internal/child_process.js:885:16)
14 verbose stack     at Process.ChildProcess._handle.onexit (internal/child_process.js:226:5)
15 verbose pkgid @
16 verbose cwd C:\github\projeto\angularjs
17 error Windows_NT 6.1.7601
18 error argv "C:\\Program Files\\nodejs\\node.exe" "C:\\Program Files\\nodejs\\node_modules\\npm\\bin\\npm-cli.js" "run" "serve"
19 error node v7.2.0
20 error npm  v3.10.9
21 error code ELIFECYCLE
22 error @ serve: `gulp serve`
22 error Exit status 3221225786
23 error Failed at the @ serve script 'gulp serve'.
23 error Make sure you have the latest version of node.js and npm installed.
23 error If you do, this is most likely a problem with the  package,
23 error not with npm itself.
23 error Tell the author that this fails on your system:
23 error     gulp serve
23 error You can get information on how to open an issue for this project with:
23 error     npm bugs
23 error Or if that isn't available, you can get their info via:
23 error     npm owner ls
23 error There is likely additional logging output above.
24 verbose exit [ 1, true ]
